<?xml version="1.0" encoding="UTF-8"?>
<!-- Generated by org.testng.reporters.JUnitReportReporter -->
<testsuite skipped="0" hostname="Fadwas-MBP.fios-router.home" name="com.hrms.testcases.AnnotaionsDemo" tests="3" failures="0" timestamp="2020-06-04T20:07:27 EDT" time="0.019" errors="0">
  <testcase name="methodOne" time="0.013" classname="com.hrms.testcases.AnnotaionsDemo"/>
  <system-out/>
  <testcase name="methodTwo" time="0.002" classname="com.hrms.testcases.AnnotaionsDemo"/>
  <system-out/>
  <testcase name="methodThree" time="0.004" classname="com.hrms.testcases.AnnotaionsDemo"/>
  <system-out/>
</testsuite> <!-- com.hrms.testcases.AnnotaionsDemo -->
