<?xml version="1.0" encoding="UTF-8"?>
<!-- Generated by org.testng.reporters.JUnitReportReporter -->
<testsuite skipped="0" hostname="Fadwas-MBP.fios-router.home" name="com.hrms.testcases.AssertionDemo" tests="1" failures="0" timestamp="2020-06-04T20:31:10 EDT" time="0.013" errors="0">
  <testcase name="methodOne" time="0.013" classname="com.hrms.testcases.AssertionDemo"/>
  <system-out/>
</testsuite> <!-- com.hrms.testcases.AssertionDemo -->
