<?xml version="1.0" encoding="UTF-8"?>
<!-- Generated by org.testng.reporters.JUnitReportReporter -->
<testsuite skipped="1" hostname="Fadwas-MBP.fios-router.home" name="com.hrms.testcases.AddEmployeeTest" tests="1" failures="0" timestamp="2020-06-02T21:13:41 EDT" time="0.000" errors="0">
  <testcase name="test" time="0.000" classname="com.hrms.testcases.AddEmployeeTest">
    <skipped/>
  </testcase> <!-- test -->
  <system-out/>
</testsuite> <!-- com.hrms.testcases.AddEmployeeTest -->
